<?xml version="1.0" encoding="UTF-8"?>
<!-- Generated by org.testng.reporters.JUnitReportReporter -->
<testsuite hostname="DESKTOP-9DC45GS" failures="0" tests="2" name="Runner.testRunner" time="19.884" errors="0" timestamp="2024-11-17T20:35:14 IST" skipped="0">
  <testcase classname="Runner.testRunner" name="runScenario" time="10.040"/>
  <testcase classname="Runner.testRunner" name="runScenario" time="9.844"/>
</testsuite> <!-- Runner.testRunner -->
