<?xml version="1.0" encoding="UTF-8"?>
<!-- Generated by org.testng.reporters.JUnitReportReporter -->
<testsuite hostname="DESKTOP-9DC45GS" failures="0" tests="2" name="Runner.testRunner" time="19.387" errors="0" timestamp="2024-11-17T21:32:12 IST" skipped="0">
  <testcase classname="Runner.testRunner" name="runScenario" time="9.421"/>
  <testcase classname="Runner.testRunner" name="runScenario" time="9.966"/>
</testsuite> <!-- Runner.testRunner -->
