<?xml version="1.0" encoding="UTF-8"?>
<!-- Generated by org.testng.reporters.JUnitReportReporter -->
<testsuite hostname="DESKTOP-9DC45GS" failures="0" tests="1" name="Runner.createReport" time="0.197" errors="0" timestamp="2024-11-17T21:56:29 IST" skipped="0">
  <testcase classname="Runner.createReport" name="testCopyFilesToNewFolder" time="0.197"/>
</testsuite> <!-- Runner.createReport -->
